2021/10/29 15:04:38 [notice] 1#1: using the "epoll" event method
2021/10/29 15:04:38 [notice] 1#1: nginx/1.21.3
2021/10/29 15:04:38 [notice] 1#1: built by gcc 10.3.1 20210424 (Alpine 10.3.1_git20210424) 
2021/10/29 15:04:38 [notice] 1#1: OS: Linux 5.10.0-9-amd64
2021/10/29 15:04:38 [notice] 1#1: getrlimit(RLIMIT_NOFILE): 1048576:1048576
2021/10/29 15:04:38 [notice] 1#1: start worker processes
2021/10/29 15:04:38 [notice] 1#1: start worker process 32
2021/10/29 15:04:38 [notice] 1#1: start worker process 33
2021/10/29 15:04:38 [notice] 1#1: start worker process 34
2021/10/29 15:04:38 [notice] 1#1: start worker process 35
2021/10/29 15:04:38 [notice] 1#1: start worker process 36
2021/10/29 15:04:38 [notice] 1#1: start worker process 37
2021/10/29 15:04:38 [notice] 1#1: start worker process 38
2021/10/29 15:04:38 [notice] 1#1: start worker process 39
2021/10/29 15:04:38 [notice] 1#1: start worker process 40
2021/10/29 15:04:38 [notice] 1#1: start worker process 41
2021/10/29 15:04:38 [notice] 1#1: start worker process 42
2021/10/29 15:04:38 [notice] 1#1: start worker process 43
2021/10/29 15:06:05 [error] 33#33: *2 directory index of "/app/" is forbidden, client: 172.18.0.1, server: , request: "GET / HTTP/1.1", host: "localhost:1080"
2021/10/29 15:06:22 [error] 33#33: *2 directory index of "/app/" is forbidden, client: 172.18.0.1, server: , request: "GET / HTTP/1.1", host: "localhost:1080"
2021/10/29 15:06:30 [error] 33#33: *2 directory index of "/app/" is forbidden, client: 172.18.0.1, server: , request: "GET / HTTP/1.1", host: "localhost:1080"
2021/10/29 15:07:04 [error] 33#33: *2 directory index of "/app/" is forbidden, client: 172.18.0.1, server: , request: "GET / HTTP/1.1", host: "localhost:1080"
2021/10/29 15:07:09 [error] 33#33: *2 directory index of "/app/" is forbidden, client: 172.18.0.1, server: , request: "GET / HTTP/1.1", host: "localhost:1080"
2021/10/29 15:07:29 [notice] 1#1: signal 3 (SIGQUIT) received, shutting down
2021/10/29 15:07:29 [notice] 36#36: gracefully shutting down
2021/10/29 15:07:29 [notice] 33#33: gracefully shutting down
2021/10/29 15:07:29 [notice] 38#38: gracefully shutting down
2021/10/29 15:07:29 [notice] 39#39: gracefully shutting down
2021/10/29 15:07:29 [notice] 40#40: gracefully shutting down
2021/10/29 15:07:29 [notice] 32#32: gracefully shutting down
2021/10/29 15:07:29 [notice] 35#35: gracefully shutting down
2021/10/29 15:07:29 [notice] 34#34: gracefully shutting down
2021/10/29 15:07:29 [notice] 37#37: gracefully shutting down
2021/10/29 15:07:29 [notice] 36#36: exiting
2021/10/29 15:07:29 [notice] 41#41: gracefully shutting down
2021/10/29 15:07:29 [notice] 38#38: exiting
2021/10/29 15:07:29 [notice] 39#39: exiting
2021/10/29 15:07:29 [notice] 40#40: exiting
2021/10/29 15:07:29 [notice] 35#35: exiting
2021/10/29 15:07:29 [notice] 34#34: exiting
2021/10/29 15:07:29 [notice] 37#37: exiting
2021/10/29 15:07:29 [notice] 42#42: gracefully shutting down
2021/10/29 15:07:29 [notice] 33#33: exiting
2021/10/29 15:07:29 [notice] 41#41: exiting
2021/10/29 15:07:29 [notice] 42#42: exiting
2021/10/29 15:07:29 [notice] 39#39: exit
2021/10/29 15:07:29 [notice] 33#33: exit
2021/10/29 15:07:29 [notice] 37#37: exit
2021/10/29 15:07:29 [notice] 38#38: exit
2021/10/29 15:07:29 [notice] 36#36: exit
2021/10/29 15:07:29 [notice] 34#34: exit
2021/10/29 15:07:29 [notice] 35#35: exit
2021/10/29 15:07:29 [notice] 40#40: exit
2021/10/29 15:07:29 [notice] 42#42: exit
2021/10/29 15:07:29 [notice] 41#41: exit
2021/10/29 15:07:29 [notice] 43#43: gracefully shutting down
2021/10/29 15:07:29 [notice] 43#43: exiting
2021/10/29 15:07:29 [notice] 43#43: exit
2021/10/29 15:07:29 [notice] 1#1: signal 17 (SIGCHLD) received from 43
2021/10/29 15:07:29 [notice] 1#1: worker process 33 exited with code 0
2021/10/29 15:07:29 [notice] 1#1: worker process 36 exited with code 0
2021/10/29 15:07:29 [notice] 1#1: worker process 38 exited with code 0
2021/10/29 15:07:29 [notice] 1#1: worker process 39 exited with code 0
2021/10/29 15:07:29 [notice] 1#1: worker process 41 exited with code 0
2021/10/29 15:07:29 [notice] 1#1: worker process 42 exited with code 0
2021/10/29 15:07:29 [notice] 1#1: worker process 43 exited with code 0
2021/10/29 15:07:29 [notice] 1#1: signal 29 (SIGIO) received
2021/10/29 15:07:29 [notice] 1#1: signal 17 (SIGCHLD) received from 39
2021/10/29 15:07:29 [notice] 1#1: signal 17 (SIGCHLD) received from 35
2021/10/29 15:07:29 [notice] 1#1: worker process 35 exited with code 0
2021/10/29 15:07:29 [notice] 1#1: signal 29 (SIGIO) received
2021/10/29 15:07:29 [notice] 1#1: signal 17 (SIGCHLD) received from 34
2021/10/29 15:07:29 [notice] 1#1: worker process 34 exited with code 0
2021/10/29 15:07:29 [notice] 1#1: signal 29 (SIGIO) received
2021/10/29 15:07:29 [notice] 1#1: signal 17 (SIGCHLD) received from 37
2021/10/29 15:07:29 [notice] 1#1: worker process 37 exited with code 0
2021/10/29 15:07:29 [notice] 1#1: signal 29 (SIGIO) received
2021/10/29 15:07:29 [notice] 1#1: signal 17 (SIGCHLD) received from 40
2021/10/29 15:07:29 [notice] 1#1: worker process 40 exited with code 0
2021/10/29 15:07:29 [notice] 1#1: signal 29 (SIGIO) received
2021/10/29 15:07:40 [notice] 1#1: using the "epoll" event method
2021/10/29 15:07:40 [notice] 1#1: nginx/1.21.3
2021/10/29 15:07:40 [notice] 1#1: built by gcc 10.3.1 20210424 (Alpine 10.3.1_git20210424) 
2021/10/29 15:07:40 [notice] 1#1: OS: Linux 5.10.0-9-amd64
2021/10/29 15:07:40 [notice] 1#1: getrlimit(RLIMIT_NOFILE): 1048576:1048576
2021/10/29 15:07:40 [notice] 1#1: start worker processes
2021/10/29 15:07:40 [notice] 1#1: start worker process 32
2021/10/29 15:07:40 [notice] 1#1: start worker process 33
2021/10/29 15:07:40 [notice] 1#1: start worker process 34
2021/10/29 15:07:40 [notice] 1#1: start worker process 35
2021/10/29 15:07:40 [notice] 1#1: start worker process 36
2021/10/29 15:07:40 [notice] 1#1: start worker process 37
2021/10/29 15:07:40 [notice] 1#1: start worker process 38
2021/10/29 15:07:40 [notice] 1#1: start worker process 39
2021/10/29 15:07:40 [notice] 1#1: start worker process 40
2021/10/29 15:07:40 [notice] 1#1: start worker process 41
2021/10/29 15:07:40 [notice] 1#1: start worker process 42
2021/10/29 15:07:40 [notice] 1#1: start worker process 43
2021/10/29 15:07:58 [error] 32#32: *1 directory index of "/app/" is forbidden, client: 172.18.0.1, server: , request: "GET / HTTP/1.1", host: "localhost:1080"
2021/10/29 15:09:20 [error] 32#32: *1 directory index of "/app/" is forbidden, client: 172.18.0.1, server: , request: "GET / HTTP/1.1", host: "localhost:1080"
2021/10/29 15:11:18 [notice] 1#1: signal 3 (SIGQUIT) received, shutting down
2021/10/29 15:11:18 [notice] 32#32: gracefully shutting down
2021/10/29 15:11:18 [notice] 33#33: gracefully shutting down
2021/10/29 15:11:18 [notice] 32#32: exiting
2021/10/29 15:11:18 [notice] 33#33: exiting
2021/10/29 15:11:18 [notice] 40#40: gracefully shutting down
2021/10/29 15:11:18 [notice] 41#41: gracefully shutting down
2021/10/29 15:11:18 [notice] 42#42: gracefully shutting down
2021/10/29 15:11:18 [notice] 39#39: gracefully shutting down
2021/10/29 15:11:18 [notice] 40#40: exiting
2021/10/29 15:11:18 [notice] 41#41: exiting
2021/10/29 15:11:18 [notice] 42#42: exiting
2021/10/29 15:11:18 [notice] 39#39: exiting
2021/10/29 15:11:18 [notice] 32#32: exit
2021/10/29 15:11:18 [notice] 33#33: exit
2021/10/29 15:11:18 [notice] 36#36: gracefully shutting down
2021/10/29 15:11:18 [notice] 40#40: exit
2021/10/29 15:11:18 [notice] 41#41: exit
2021/10/29 15:11:18 [notice] 39#39: exit
2021/10/29 15:11:18 [notice] 36#36: exiting
2021/10/29 15:11:18 [notice] 42#42: exit
2021/10/29 15:11:18 [notice] 36#36: exit
2021/10/29 15:11:18 [notice] 37#37: gracefully shutting down
2021/10/29 15:11:18 [notice] 37#37: exiting
2021/10/29 15:11:18 [notice] 35#35: gracefully shutting down
2021/10/29 15:11:18 [notice] 37#37: exit
2021/10/29 15:11:18 [notice] 34#34: gracefully shutting down
2021/10/29 15:11:18 [notice] 35#35: exiting
2021/10/29 15:11:18 [notice] 34#34: exiting
2021/10/29 15:11:18 [notice] 35#35: exit
2021/10/29 15:11:18 [notice] 34#34: exit
2021/10/29 15:11:18 [notice] 43#43: gracefully shutting down
2021/10/29 15:11:18 [notice] 43#43: exiting
2021/10/29 15:11:18 [notice] 43#43: exit
2021/10/29 15:11:18 [notice] 38#38: gracefully shutting down
2021/10/29 15:11:18 [notice] 38#38: exiting
2021/10/29 15:11:18 [notice] 38#38: exit
2021/10/29 15:11:19 [notice] 1#1: signal 17 (SIGCHLD) received from 32
2021/10/29 15:11:19 [notice] 1#1: worker process 32 exited with code 0
2021/10/29 15:11:19 [notice] 1#1: signal 29 (SIGIO) received
2021/10/29 15:11:19 [notice] 1#1: signal 17 (SIGCHLD) received from 33
2021/10/29 15:11:19 [notice] 1#1: worker process 33 exited with code 0
2021/10/29 15:11:19 [notice] 1#1: signal 29 (SIGIO) received
2021/10/29 15:11:19 [notice] 1#1: signal 17 (SIGCHLD) received from 35
2021/10/29 15:11:19 [notice] 1#1: worker process 35 exited with code 0
2021/10/29 15:11:19 [notice] 1#1: signal 29 (SIGIO) received
2021/10/29 15:11:19 [notice] 1#1: signal 17 (SIGCHLD) received from 38
2021/10/29 15:11:19 [notice] 1#1: worker process 38 exited with code 0
2021/10/29 15:11:19 [notice] 1#1: signal 29 (SIGIO) received
2021/10/29 15:11:19 [notice] 1#1: signal 17 (SIGCHLD) received from 42
2021/10/29 15:11:19 [notice] 1#1: worker process 42 exited with code 0
2021/10/29 15:11:19 [notice] 1#1: signal 29 (SIGIO) received
2021/10/29 15:11:19 [notice] 1#1: signal 17 (SIGCHLD) received from 40
2021/10/29 15:11:19 [notice] 1#1: worker process 40 exited with code 0
2021/10/29 15:11:19 [notice] 1#1: signal 29 (SIGIO) received
2021/10/29 15:11:19 [notice] 1#1: signal 17 (SIGCHLD) received from 43
2021/10/29 15:11:19 [notice] 1#1: worker process 43 exited with code 0
2021/10/29 15:11:19 [notice] 1#1: signal 29 (SIGIO) received
2021/10/29 15:11:19 [notice] 1#1: signal 17 (SIGCHLD) received from 41
2021/10/29 15:11:19 [notice] 1#1: worker process 39 exited with code 0
2021/10/29 15:11:19 [notice] 1#1: worker process 41 exited with code 0
2021/10/29 15:11:19 [notice] 1#1: signal 29 (SIGIO) received
2021/10/29 15:11:19 [notice] 1#1: signal 17 (SIGCHLD) received from 37
2021/10/29 15:11:19 [notice] 1#1: worker process 37 exited with code 0
2021/10/29 15:11:19 [notice] 1#1: signal 29 (SIGIO) received
2021/10/29 15:11:19 [notice] 1#1: signal 17 (SIGCHLD) received from 36
2021/10/29 15:11:19 [notice] 1#1: worker process 36 exited with code 0
2021/10/29 15:11:19 [notice] 1#1: signal 17 (SIGCHLD) received from 34
2021/10/29 15:11:19 [notice] 1#1: worker process 34 exited with code 0
2021/10/29 15:11:19 [notice] 1#1: exit
2021/10/29 15:11:57 [notice] 1#1: using the "epoll" event method
2021/10/29 15:11:57 [notice] 1#1: nginx/1.21.3
2021/10/29 15:11:57 [notice] 1#1: built by gcc 10.3.1 20210424 (Alpine 10.3.1_git20210424) 
2021/10/29 15:11:57 [notice] 1#1: OS: Linux 5.10.0-9-amd64
2021/10/29 15:11:57 [notice] 1#1: getrlimit(RLIMIT_NOFILE): 1048576:1048576
2021/10/29 15:11:57 [notice] 1#1: start worker processes
2021/10/29 15:11:57 [notice] 1#1: start worker process 31
2021/10/29 15:11:57 [notice] 1#1: start worker process 32
2021/10/29 15:11:57 [notice] 1#1: start worker process 33
2021/10/29 15:11:57 [notice] 1#1: start worker process 34
2021/10/29 15:11:57 [notice] 1#1: start worker process 35
2021/10/29 15:11:57 [notice] 1#1: start worker process 36
2021/10/29 15:11:57 [notice] 1#1: start worker process 37
2021/10/29 15:11:57 [notice] 1#1: start worker process 38
2021/10/29 15:11:57 [notice] 1#1: start worker process 39
2021/10/29 15:11:57 [notice] 1#1: start worker process 40
2021/10/29 15:11:57 [notice] 1#1: start worker process 41
2021/10/29 15:11:57 [notice] 1#1: start worker process 42
2021/10/29 15:12:25 [error] 31#31: *2 directory index of "/app/" is forbidden, client: 172.18.0.1, server: , request: "GET / HTTP/1.1", host: "localhost:1080"
2021/10/29 15:17:42 [notice] 1#1: signal 3 (SIGQUIT) received, shutting down
2021/10/29 15:17:42 [notice] 32#32: gracefully shutting down
2021/10/29 15:17:42 [notice] 33#33: gracefully shutting down
2021/10/29 15:17:42 [notice] 35#35: gracefully shutting down
2021/10/29 15:17:42 [notice] 36#36: gracefully shutting down
2021/10/29 15:17:42 [notice] 37#37: gracefully shutting down
2021/10/29 15:17:42 [notice] 38#38: gracefully shutting down
2021/10/29 15:17:42 [notice] 32#32: exiting
2021/10/29 15:17:42 [notice] 39#39: gracefully shutting down
2021/10/29 15:17:42 [notice] 34#34: gracefully shutting down
2021/10/29 15:17:42 [notice] 31#31: gracefully shutting down
2021/10/29 15:17:42 [notice] 33#33: exiting
2021/10/29 15:17:42 [notice] 35#35: exiting
2021/10/29 15:17:42 [notice] 36#36: exiting
2021/10/29 15:17:42 [notice] 37#37: exiting
2021/10/29 15:17:42 [notice] 42#42: gracefully shutting down
2021/10/29 15:17:42 [notice] 38#38: exiting
2021/10/29 15:17:42 [notice] 39#39: exiting
2021/10/29 15:17:42 [notice] 34#34: exiting
2021/10/29 15:17:42 [notice] 31#31: exiting
2021/10/29 15:17:42 [notice] 42#42: exiting
2021/10/29 15:17:42 [notice] 32#32: exit
2021/10/29 15:17:42 [notice] 35#35: exit
2021/10/29 15:17:42 [notice] 33#33: exit
2021/10/29 15:17:42 [notice] 37#37: exit
2021/10/29 15:17:42 [notice] 36#36: exit
2021/10/29 15:17:42 [notice] 39#39: exit
2021/10/29 15:17:42 [notice] 38#38: exit
2021/10/29 15:17:42 [notice] 31#31: exit
2021/10/29 15:17:42 [notice] 34#34: exit
2021/10/29 15:17:42 [notice] 42#42: exit
2021/10/29 15:17:42 [notice] 40#40: gracefully shutting down
2021/10/29 15:17:42 [notice] 40#40: exiting
2021/10/29 15:17:42 [notice] 41#41: gracefully shutting down
2021/10/29 15:17:42 [notice] 41#41: exiting
2021/10/29 15:17:42 [notice] 40#40: exit
2021/10/29 15:17:42 [notice] 41#41: exit
2021/10/29 15:17:42 [notice] 1#1: signal 17 (SIGCHLD) received from 39
2021/10/29 15:17:42 [notice] 1#1: worker process 39 exited with code 0
2021/10/29 15:17:42 [notice] 1#1: signal 29 (SIGIO) received
2021/10/29 15:17:42 [notice] 1#1: signal 17 (SIGCHLD) received from 38
2021/10/29 15:17:42 [notice] 1#1: worker process 35 exited with code 0
2021/10/29 15:17:42 [notice] 1#1: worker process 38 exited with code 0
2021/10/29 15:17:42 [notice] 1#1: signal 29 (SIGIO) received
2021/10/29 15:17:42 [notice] 1#1: signal 17 (SIGCHLD) received from 33
2021/10/29 15:17:42 [notice] 1#1: worker process 33 exited with code 0
2021/10/29 15:17:42 [notice] 1#1: worker process 37 exited with code 0
2021/10/29 15:17:42 [notice] 1#1: signal 29 (SIGIO) received
2021/10/29 15:17:42 [notice] 1#1: signal 17 (SIGCHLD) received from 36
2021/10/29 15:17:42 [notice] 1#1: worker process 31 exited with code 0
2021/10/29 15:17:42 [notice] 1#1: worker process 36 exited with code 0
2021/10/29 15:17:42 [notice] 1#1: signal 29 (SIGIO) received
2021/10/29 15:17:42 [notice] 1#1: signal 17 (SIGCHLD) received from 41
2021/10/29 15:17:42 [notice] 1#1: worker process 41 exited with code 0
2021/10/29 15:17:42 [notice] 1#1: signal 29 (SIGIO) received
2021/10/29 15:17:42 [notice] 1#1: signal 17 (SIGCHLD) received from 34
2021/10/29 15:17:42 [notice] 1#1: worker process 32 exited with code 0
2021/10/29 15:17:42 [notice] 1#1: worker process 34 exited with code 0
2021/10/29 15:17:42 [notice] 1#1: signal 29 (SIGIO) received
2021/10/29 15:17:42 [notice] 1#1: signal 17 (SIGCHLD) received from 40
2021/10/29 15:17:42 [notice] 1#1: worker process 40 exited with code 0
2021/10/29 15:17:42 [notice] 1#1: signal 29 (SIGIO) received
2021/10/29 15:17:42 [notice] 1#1: signal 17 (SIGCHLD) received from 42
2021/10/29 15:17:42 [notice] 1#1: worker process 42 exited with code 0
2021/10/29 15:17:42 [notice] 1#1: exit
2021/10/29 15:20:41 [notice] 1#1: using the "epoll" event method
2021/10/29 15:20:41 [notice] 1#1: nginx/1.21.3
2021/10/29 15:20:41 [notice] 1#1: built by gcc 10.3.1 20210424 (Alpine 10.3.1_git20210424) 
2021/10/29 15:20:41 [notice] 1#1: OS: Linux 5.10.0-9-amd64
2021/10/29 15:20:41 [notice] 1#1: getrlimit(RLIMIT_NOFILE): 1048576:1048576
2021/10/29 15:20:41 [notice] 1#1: start worker processes
2021/10/29 15:20:41 [notice] 1#1: start worker process 31
2021/10/29 15:20:41 [notice] 1#1: start worker process 32
2021/10/29 15:20:41 [notice] 1#1: start worker process 33
2021/10/29 15:20:41 [notice] 1#1: start worker process 34
2021/10/29 15:20:41 [notice] 1#1: start worker process 35
2021/10/29 15:20:41 [notice] 1#1: start worker process 36
2021/10/29 15:20:41 [notice] 1#1: start worker process 37
2021/10/29 15:20:41 [notice] 1#1: start worker process 38
2021/10/29 15:20:41 [notice] 1#1: start worker process 39
2021/10/29 15:20:41 [notice] 1#1: start worker process 40
2021/10/29 15:20:41 [notice] 1#1: start worker process 41
2021/10/29 15:20:41 [notice] 1#1: start worker process 42
2021/10/29 15:20:51 [error] 32#32: *1 directory index of "/app/" is forbidden, client: 172.18.0.1, server: , request: "GET / HTTP/1.1", host: "localhost:1080"
2021/10/29 15:20:54 [error] 32#32: *1 directory index of "/app/" is forbidden, client: 172.18.0.1, server: , request: "GET / HTTP/1.1", host: "localhost:1080"
2021/10/29 15:22:09 [notice] 1#1: signal 3 (SIGQUIT) received, shutting down
2021/10/29 15:22:09 [notice] 31#31: gracefully shutting down
2021/10/29 15:22:09 [notice] 32#32: gracefully shutting down
2021/10/29 15:22:09 [notice] 34#34: gracefully shutting down
2021/10/29 15:22:09 [notice] 33#33: gracefully shutting down
2021/10/29 15:22:09 [notice] 36#36: gracefully shutting down
2021/10/29 15:22:09 [notice] 35#35: gracefully shutting down
2021/10/29 15:22:09 [notice] 37#37: gracefully shutting down
2021/10/29 15:22:09 [notice] 32#32: exiting
2021/10/29 15:22:09 [notice] 39#39: gracefully shutting down
2021/10/29 15:22:09 [notice] 31#31: exiting
2021/10/29 15:22:09 [notice] 34#34: exiting
2021/10/29 15:22:09 [notice] 36#36: exiting
2021/10/29 15:22:09 [notice] 40#40: gracefully shutting down
2021/10/29 15:22:09 [notice] 33#33: exiting
2021/10/29 15:22:09 [notice] 35#35: exiting
2021/10/29 15:22:09 [notice] 37#37: exiting
2021/10/29 15:22:09 [notice] 39#39: exiting
2021/10/29 15:22:09 [notice] 40#40: exiting
2021/10/29 15:22:09 [notice] 41#41: gracefully shutting down
2021/10/29 15:22:09 [notice] 41#41: exiting
2021/10/29 15:22:09 [notice] 36#36: exit
2021/10/29 15:22:09 [notice] 35#35: exit
2021/10/29 15:22:09 [notice] 34#34: exit
2021/10/29 15:22:09 [notice] 31#31: exit
2021/10/29 15:22:09 [notice] 39#39: exit
2021/10/29 15:22:09 [notice] 33#33: exit
2021/10/29 15:22:09 [notice] 37#37: exit
2021/10/29 15:22:09 [notice] 40#40: exit
2021/10/29 15:22:09 [notice] 32#32: exit
2021/10/29 15:22:09 [notice] 41#41: exit
2021/10/29 15:22:09 [notice] 38#38: gracefully shutting down
2021/10/29 15:22:09 [notice] 42#42: gracefully shutting down
2021/10/29 15:22:09 [notice] 38#38: exiting
2021/10/29 15:22:09 [notice] 42#42: exiting
2021/10/29 15:22:09 [notice] 38#38: exit
2021/10/29 15:22:09 [notice] 42#42: exit
2021/10/29 15:22:09 [notice] 1#1: signal 17 (SIGCHLD) received from 36
2021/10/29 15:22:09 [notice] 1#1: worker process 36 exited with code 0
2021/10/29 15:22:09 [notice] 1#1: worker process 39 exited with code 0
2021/10/29 15:22:09 [notice] 1#1: signal 29 (SIGIO) received
2021/10/29 15:22:09 [notice] 1#1: signal 17 (SIGCHLD) received from 40
2021/10/29 15:22:09 [notice] 1#1: worker process 40 exited with code 0
2021/10/29 15:22:09 [notice] 1#1: signal 29 (SIGIO) received
2021/10/29 15:22:09 [notice] 1#1: signal 17 (SIGCHLD) received from 33
2021/10/29 15:22:09 [notice] 1#1: worker process 33 exited with code 0
2021/10/29 15:22:09 [notice] 1#1: worker process 37 exited with code 0
2021/10/29 15:22:09 [notice] 1#1: worker process 41 exited with code 0
2021/10/29 15:22:09 [notice] 1#1: signal 29 (SIGIO) received
2021/10/29 15:22:09 [notice] 1#1: signal 17 (SIGCHLD) received from 34
2021/10/29 15:22:09 [notice] 1#1: worker process 34 exited with code 0
2021/10/29 15:22:09 [notice] 1#1: worker process 35 exited with code 0
2021/10/29 15:22:09 [notice] 1#1: worker process 38 exited with code 0
2021/10/29 15:22:09 [notice] 1#1: signal 29 (SIGIO) received
2021/10/29 15:22:09 [notice] 1#1: signal 17 (SIGCHLD) received from 38
2021/10/29 15:22:09 [notice] 1#1: signal 17 (SIGCHLD) received from 31
2021/10/29 15:22:09 [notice] 1#1: worker process 31 exited with code 0
2021/10/29 15:22:09 [notice] 1#1: signal 29 (SIGIO) received
2021/10/29 15:22:09 [notice] 1#1: signal 17 (SIGCHLD) received from 42
2021/10/29 15:22:09 [notice] 1#1: worker process 42 exited with code 0
2021/10/29 15:22:09 [notice] 1#1: signal 29 (SIGIO) received
2021/10/29 15:22:09 [notice] 1#1: signal 17 (SIGCHLD) received from 32
2021/10/29 15:22:09 [notice] 1#1: worker process 32 exited with code 0
2021/10/29 15:22:09 [notice] 1#1: exit
2021/10/29 15:22:10 [notice] 1#1: using the "epoll" event method
2021/10/29 15:22:10 [notice] 1#1: nginx/1.21.3
2021/10/29 15:22:10 [notice] 1#1: built by gcc 10.3.1 20210424 (Alpine 10.3.1_git20210424) 
2021/10/29 15:22:10 [notice] 1#1: OS: Linux 5.10.0-9-amd64
2021/10/29 15:22:10 [notice] 1#1: getrlimit(RLIMIT_NOFILE): 1048576:1048576
2021/10/29 15:22:10 [notice] 1#1: start worker processes
2021/10/29 15:22:10 [notice] 1#1: start worker process 32
2021/10/29 15:22:10 [notice] 1#1: start worker process 33
2021/10/29 15:22:10 [notice] 1#1: start worker process 34
2021/10/29 15:22:10 [notice] 1#1: start worker process 35
2021/10/29 15:22:10 [notice] 1#1: start worker process 36
2021/10/29 15:22:10 [notice] 1#1: start worker process 37
2021/10/29 15:22:10 [notice] 1#1: start worker process 38
2021/10/29 15:22:10 [notice] 1#1: start worker process 39
2021/10/29 15:22:10 [notice] 1#1: start worker process 40
2021/10/29 15:22:10 [notice] 1#1: start worker process 41
2021/10/29 15:22:10 [notice] 1#1: start worker process 42
2021/10/29 15:22:10 [notice] 1#1: start worker process 43
2021/10/29 15:24:02 [error] 33#33: *1 directory index of "/app/" is forbidden, client: 172.18.0.1, server: , request: "GET / HTTP/1.1", host: "localhost:1080"
2021/10/29 15:24:06 [error] 33#33: *1 directory index of "/app/" is forbidden, client: 172.18.0.1, server: , request: "GET / HTTP/1.1", host: "localhost:1080"
2021/10/29 15:24:06 [error] 33#33: *1 directory index of "/app/" is forbidden, client: 172.18.0.1, server: , request: "GET / HTTP/1.1", host: "localhost:1080"
2021/10/29 15:24:06 [error] 33#33: *1 directory index of "/app/" is forbidden, client: 172.18.0.1, server: , request: "GET / HTTP/1.1", host: "localhost:1080"
2021/10/29 15:24:06 [error] 33#33: *1 directory index of "/app/" is forbidden, client: 172.18.0.1, server: , request: "GET / HTTP/1.1", host: "localhost:1080"
2021/10/29 15:24:37 [notice] 1#1: signal 3 (SIGQUIT) received, shutting down
2021/10/29 15:24:37 [notice] 33#33: gracefully shutting down
2021/10/29 15:24:37 [notice] 37#37: gracefully shutting down
2021/10/29 15:24:37 [notice] 38#38: gracefully shutting down
2021/10/29 15:24:37 [notice] 39#39: gracefully shutting down
2021/10/29 15:24:37 [notice] 40#40: gracefully shutting down
2021/10/29 15:24:37 [notice] 35#35: gracefully shutting down
2021/10/29 15:24:37 [notice] 32#32: gracefully shutting down
2021/10/29 15:24:37 [notice] 37#37: exiting
2021/10/29 15:24:37 [notice] 34#34: gracefully shutting down
2021/10/29 15:24:37 [notice] 36#36: gracefully shutting down
2021/10/29 15:24:37 [notice] 42#42: gracefully shutting down
2021/10/29 15:24:37 [notice] 38#38: exiting
2021/10/29 15:24:37 [notice] 39#39: exiting
2021/10/29 15:24:37 [notice] 40#40: exiting
2021/10/29 15:24:37 [notice] 35#35: exiting
2021/10/29 15:24:37 [notice] 34#34: exiting
2021/10/29 15:24:37 [notice] 36#36: exiting
2021/10/29 15:24:37 [notice] 42#42: exiting
2021/10/29 15:24:37 [notice] 33#33: exiting
2021/10/29 15:24:37 [notice] 41#41: gracefully shutting down
2021/10/29 15:24:37 [notice] 41#41: exiting
2021/10/29 15:24:37 [notice] 37#37: exit
2021/10/29 15:24:37 [notice] 40#40: exit
2021/10/29 15:24:37 [notice] 38#38: exit
2021/10/29 15:24:37 [notice] 35#35: exit
2021/10/29 15:24:37 [notice] 36#36: exit
2021/10/29 15:24:37 [notice] 39#39: exit
2021/10/29 15:24:37 [notice] 34#34: exit
2021/10/29 15:24:37 [notice] 33#33: exit
2021/10/29 15:24:37 [notice] 41#41: exit
2021/10/29 15:24:37 [notice] 42#42: exit
2021/10/29 15:24:37 [notice] 43#43: gracefully shutting down
2021/10/29 15:24:37 [notice] 43#43: exiting
2021/10/29 15:24:37 [notice] 43#43: exit
2021/10/29 15:24:37 [notice] 1#1: signal 17 (SIGCHLD) received from 42
2021/10/29 15:24:37 [notice] 1#1: worker process 42 exited with code 0
2021/10/29 15:24:37 [notice] 1#1: signal 29 (SIGIO) received
2021/10/29 15:24:37 [notice] 1#1: signal 17 (SIGCHLD) received from 41
2021/10/29 15:24:37 [notice] 1#1: worker process 33 exited with code 0
2021/10/29 15:24:37 [notice] 1#1: worker process 34 exited with code 0
2021/10/29 15:24:37 [notice] 1#1: worker process 35 exited with code 0
2021/10/29 15:24:37 [notice] 1#1: worker process 37 exited with code 0
2021/10/29 15:24:37 [notice] 1#1: worker process 41 exited with code 0
2021/10/29 15:24:37 [notice] 1#1: signal 29 (SIGIO) received
2021/10/29 15:24:37 [notice] 1#1: signal 17 (SIGCHLD) received from 33
2021/10/29 15:24:37 [notice] 1#1: signal 17 (SIGCHLD) received from 36
2021/10/29 15:24:37 [notice] 1#1: worker process 36 exited with code 0
2021/10/29 15:24:37 [notice] 1#1: signal 29 (SIGIO) received
2021/10/29 15:24:38 [notice] 1#1: signal 17 (SIGCHLD) received from 40
2021/10/29 15:24:38 [notice] 1#1: worker process 40 exited with code 0
2021/10/29 15:24:38 [notice] 1#1: signal 29 (SIGIO) received
2021/10/29 15:24:38 [notice] 1#1: signal 17 (SIGCHLD) received from 38
2021/10/29 15:24:38 [notice] 1#1: worker process 38 exited with code 0
2021/10/29 15:24:38 [notice] 1#1: worker process 43 exited with code 0
2021/10/29 15:24:38 [notice] 1#1: signal 29 (SIGIO) received
2021/10/29 15:24:38 [notice] 1#1: signal 17 (SIGCHLD) received from 43
2021/10/29 15:24:38 [notice] 1#1: signal 17 (SIGCHLD) received from 39
2021/10/29 15:24:38 [notice] 1#1: worker process 39 exited with code 0
2021/10/29 15:24:38 [notice] 1#1: signal 29 (SIGIO) received
2021/10/29 15:24:49 [notice] 1#1: using the "epoll" event method
2021/10/29 15:24:49 [notice] 1#1: nginx/1.21.3
2021/10/29 15:24:49 [notice] 1#1: built by gcc 10.3.1 20210424 (Alpine 10.3.1_git20210424) 
2021/10/29 15:24:49 [notice] 1#1: OS: Linux 5.10.0-9-amd64
2021/10/29 15:24:49 [notice] 1#1: getrlimit(RLIMIT_NOFILE): 1048576:1048576
2021/10/29 15:24:49 [notice] 1#1: start worker processes
2021/10/29 15:24:49 [notice] 1#1: start worker process 31
2021/10/29 15:24:49 [notice] 1#1: start worker process 32
2021/10/29 15:24:49 [notice] 1#1: start worker process 33
2021/10/29 15:24:49 [notice] 1#1: start worker process 34
2021/10/29 15:24:49 [notice] 1#1: start worker process 35
2021/10/29 15:24:49 [notice] 1#1: start worker process 36
2021/10/29 15:24:49 [notice] 1#1: start worker process 37
2021/10/29 15:24:49 [notice] 1#1: start worker process 38
2021/10/29 15:24:49 [notice] 1#1: start worker process 39
2021/10/29 15:24:49 [notice] 1#1: start worker process 40
2021/10/29 15:24:49 [notice] 1#1: start worker process 41
2021/10/29 15:24:49 [notice] 1#1: start worker process 42
2021/10/29 15:25:26 [error] 31#31: *1 directory index of "/app/" is forbidden, client: 172.18.0.1, server: , request: "GET / HTTP/1.1", host: "localhost:1080"
2021/10/29 15:31:15 [error] 32#32: *3 directory index of "/app/" is forbidden, client: 172.18.0.1, server: , request: "GET / HTTP/1.1", host: "localhost:1080"
2021/10/29 15:32:26 [notice] 1#1: signal 3 (SIGQUIT) received, shutting down
2021/10/29 15:32:26 [notice] 33#33: gracefully shutting down
2021/10/29 15:32:26 [notice] 35#35: gracefully shutting down
2021/10/29 15:32:26 [notice] 31#31: gracefully shutting down
2021/10/29 15:32:26 [notice] 34#34: gracefully shutting down
2021/10/29 15:32:26 [notice] 37#37: gracefully shutting down
2021/10/29 15:32:26 [notice] 38#38: gracefully shutting down
2021/10/29 15:32:26 [notice] 33#33: exiting
2021/10/29 15:32:26 [notice] 32#32: gracefully shutting down
2021/10/29 15:32:26 [notice] 39#39: gracefully shutting down
2021/10/29 15:32:26 [notice] 35#35: exiting
2021/10/29 15:32:26 [notice] 36#36: gracefully shutting down
2021/10/29 15:32:26 [notice] 40#40: gracefully shutting down
2021/10/29 15:32:26 [notice] 34#34: exiting
2021/10/29 15:32:26 [notice] 37#37: exiting
2021/10/29 15:32:26 [notice] 38#38: exiting
2021/10/29 15:32:26 [notice] 41#41: gracefully shutting down
2021/10/29 15:32:26 [notice] 32#32: exiting
2021/10/29 15:32:26 [notice] 39#39: exiting
2021/10/29 15:32:26 [notice] 42#42: gracefully shutting down
2021/10/29 15:32:26 [notice] 36#36: exiting
2021/10/29 15:32:26 [notice] 40#40: exiting
2021/10/29 15:32:26 [notice] 41#41: exiting
2021/10/29 15:32:26 [notice] 42#42: exiting
2021/10/29 15:32:26 [notice] 38#38: exit
2021/10/29 15:32:26 [notice] 35#35: exit
2021/10/29 15:32:26 [notice] 33#33: exit
2021/10/29 15:32:26 [notice] 40#40: exit
2021/10/29 15:32:26 [notice] 34#34: exit
2021/10/29 15:32:26 [notice] 39#39: exit
2021/10/29 15:32:26 [notice] 32#32: exit
2021/10/29 15:32:26 [notice] 36#36: exit
2021/10/29 15:32:26 [notice] 41#41: exit
2021/10/29 15:32:26 [notice] 37#37: exit
2021/10/29 15:32:26 [notice] 42#42: exit
2021/10/29 15:32:26 [notice] 1#1: signal 17 (SIGCHLD) received from 32
2021/10/29 15:32:26 [notice] 1#1: worker process 32 exited with code 0
2021/10/29 15:32:26 [notice] 1#1: signal 29 (SIGIO) received
2021/10/29 15:32:26 [notice] 1#1: signal 17 (SIGCHLD) received from 39
2021/10/29 15:32:26 [notice] 1#1: worker process 39 exited with code 0
2021/10/29 15:32:26 [notice] 1#1: signal 29 (SIGIO) received
2021/10/29 15:32:26 [notice] 1#1: signal 17 (SIGCHLD) received from 41
2021/10/29 15:32:26 [notice] 1#1: worker process 41 exited with code 0
2021/10/29 15:32:26 [notice] 1#1: signal 29 (SIGIO) received
2021/10/29 15:32:26 [notice] 1#1: signal 17 (SIGCHLD) received from 33
2021/10/29 15:32:26 [notice] 1#1: worker process 33 exited with code 0
2021/10/29 15:32:26 [notice] 1#1: signal 29 (SIGIO) received
2021/10/29 15:32:26 [notice] 1#1: signal 17 (SIGCHLD) received from 37
2021/10/29 15:32:26 [notice] 1#1: worker process 37 exited with code 0
2021/10/29 15:32:26 [notice] 1#1: worker process 34 exited with code 0
2021/10/29 15:32:26 [notice] 1#1: worker process 38 exited with code 0
2021/10/29 15:32:26 [notice] 1#1: worker process 35 exited with code 0
2021/10/29 15:32:26 [notice] 1#1: signal 29 (SIGIO) received
2021/10/29 15:32:26 [notice] 1#1: signal 17 (SIGCHLD) received from 34
2021/10/29 15:32:26 [notice] 1#1: signal 17 (SIGCHLD) received from 40
2021/10/29 15:32:26 [notice] 1#1: worker process 40 exited with code 0
2021/10/29 15:32:26 [notice] 1#1: signal 29 (SIGIO) received
2021/10/29 15:32:26 [notice] 1#1: signal 17 (SIGCHLD) received from 42
2021/10/29 15:32:26 [notice] 1#1: worker process 42 exited with code 0
2021/10/29 15:32:26 [notice] 1#1: signal 29 (SIGIO) received
2021/10/29 15:32:26 [notice] 1#1: signal 17 (SIGCHLD) received from 36
2021/10/29 15:32:26 [notice] 1#1: worker process 36 exited with code 0
2021/10/29 15:32:26 [notice] 1#1: signal 29 (SIGIO) received
2021/10/30 23:51:22 [notice] 1#1: using the "epoll" event method
2021/10/30 23:51:22 [notice] 1#1: nginx/1.21.3
2021/10/30 23:51:22 [notice] 1#1: built by gcc 10.3.1 20210424 (Alpine 10.3.1_git20210424) 
2021/10/30 23:51:22 [notice] 1#1: OS: Linux 5.10.0-9-amd64
2021/10/30 23:51:22 [notice] 1#1: getrlimit(RLIMIT_NOFILE): 1048576:1048576
2021/10/30 23:51:22 [notice] 1#1: start worker processes
2021/10/30 23:51:22 [notice] 1#1: start worker process 32
2021/10/30 23:51:22 [notice] 1#1: start worker process 33
2021/10/30 23:51:22 [notice] 1#1: start worker process 34
2021/10/30 23:51:22 [notice] 1#1: start worker process 35
2021/10/30 23:51:22 [notice] 1#1: start worker process 36
2021/10/30 23:51:22 [notice] 1#1: start worker process 37
2021/10/30 23:51:22 [notice] 1#1: start worker process 38
2021/10/30 23:51:22 [notice] 1#1: start worker process 39
2021/10/30 23:51:22 [notice] 1#1: start worker process 40
2021/10/30 23:51:22 [notice] 1#1: start worker process 41
2021/10/30 23:51:22 [notice] 1#1: start worker process 42
2021/10/30 23:51:22 [notice] 1#1: start worker process 43
2021/10/30 23:52:20 [error] 37#37: *2 directory index of "/app/" is forbidden, client: 172.18.0.1, server: , request: "GET / HTTP/1.1", host: "localhost:1080"
2021/10/30 23:54:38 [error] 37#37: *4 directory index of "/app/" is forbidden, client: 172.18.0.1, server: , request: "GET / HTTP/1.1", host: "localhost:1080"
2021/10/30 23:57:51 [notice] 1#1: signal 3 (SIGQUIT) received, shutting down
2021/10/30 23:57:51 [notice] 32#32: gracefully shutting down
2021/10/30 23:57:51 [notice] 33#33: gracefully shutting down
2021/10/30 23:57:51 [notice] 36#36: gracefully shutting down
2021/10/30 23:57:51 [notice] 32#32: exiting
2021/10/30 23:57:51 [notice] 37#37: gracefully shutting down
2021/10/30 23:57:51 [notice] 39#39: gracefully shutting down
2021/10/30 23:57:51 [notice] 40#40: gracefully shutting down
2021/10/30 23:57:51 [notice] 41#41: gracefully shutting down
2021/10/30 23:57:51 [notice] 34#34: gracefully shutting down
2021/10/30 23:57:51 [notice] 35#35: gracefully shutting down
2021/10/30 23:57:51 [notice] 33#33: exiting
2021/10/30 23:57:51 [notice] 36#36: exiting
2021/10/30 23:57:51 [notice] 43#43: gracefully shutting down
2021/10/30 23:57:51 [notice] 37#37: exiting
2021/10/30 23:57:51 [notice] 39#39: exiting
2021/10/30 23:57:51 [notice] 40#40: exiting
2021/10/30 23:57:51 [notice] 41#41: exiting
2021/10/30 23:57:51 [notice] 34#34: exiting
2021/10/30 23:57:51 [notice] 35#35: exiting
2021/10/30 23:57:51 [notice] 43#43: exiting
2021/10/30 23:57:51 [notice] 32#32: exit
2021/10/30 23:57:51 [notice] 36#36: exit
2021/10/30 23:57:51 [notice] 37#37: exit
2021/10/30 23:57:51 [notice] 33#33: exit
2021/10/30 23:57:51 [notice] 39#39: exit
2021/10/30 23:57:51 [notice] 35#35: exit
2021/10/30 23:57:51 [notice] 40#40: exit
2021/10/30 23:57:51 [notice] 41#41: exit
2021/10/30 23:57:51 [notice] 34#34: exit
2021/10/30 23:57:51 [notice] 43#43: exit
2021/10/30 23:57:51 [notice] 38#38: gracefully shutting down
2021/10/30 23:57:51 [notice] 38#38: exiting
2021/10/30 23:57:51 [notice] 42#42: gracefully shutting down
2021/10/30 23:57:51 [notice] 42#42: exiting
2021/10/30 23:57:51 [notice] 38#38: exit
2021/10/30 23:57:51 [notice] 42#42: exit
2021/10/30 23:57:51 [notice] 1#1: signal 17 (SIGCHLD) received from 37
2021/10/30 23:57:51 [notice] 1#1: worker process 34 exited with code 0
2021/10/30 23:57:51 [notice] 1#1: worker process 36 exited with code 0
2021/10/30 23:57:51 [notice] 1#1: worker process 37 exited with code 0
2021/10/30 23:57:51 [notice] 1#1: worker process 43 exited with code 0
2021/10/30 23:57:51 [notice] 1#1: signal 29 (SIGIO) received
2021/10/30 23:57:51 [notice] 1#1: signal 17 (SIGCHLD) received from 39
2021/10/30 23:57:51 [notice] 1#1: worker process 39 exited with code 0
2021/10/30 23:57:51 [notice] 1#1: worker process 41 exited with code 0
2021/10/30 23:57:51 [notice] 1#1: signal 29 (SIGIO) received
2021/10/30 23:57:51 [notice] 1#1: signal 17 (SIGCHLD) received from 41
2021/10/30 23:57:51 [notice] 1#1: signal 17 (SIGCHLD) received from 35
2021/10/30 23:57:51 [notice] 1#1: worker process 32 exited with code 0
2021/10/30 23:57:51 [notice] 1#1: worker process 35 exited with code 0
2021/10/30 23:57:51 [notice] 1#1: worker process 38 exited with code 0
2021/10/30 23:57:51 [notice] 1#1: signal 29 (SIGIO) received
2021/10/30 23:57:51 [notice] 1#1: signal 17 (SIGCHLD) received from 38
2021/10/30 23:57:51 [notice] 1#1: signal 17 (SIGCHLD) received from 40
2021/10/30 23:57:51 [notice] 1#1: worker process 33 exited with code 0
2021/10/30 23:57:51 [notice] 1#1: worker process 40 exited with code 0
2021/10/30 23:57:51 [notice] 1#1: signal 29 (SIGIO) received
2021/10/30 23:57:51 [notice] 1#1: signal 17 (SIGCHLD) received from 42
2021/10/30 23:57:51 [notice] 1#1: worker process 42 exited with code 0
2021/10/30 23:57:51 [notice] 1#1: exit
2021/11/03 22:17:39 [notice] 1#1: using the "epoll" event method
2021/11/03 22:17:39 [notice] 1#1: nginx/1.21.3
2021/11/03 22:17:39 [notice] 1#1: built by gcc 10.3.1 20210424 (Alpine 10.3.1_git20210424) 
2021/11/03 22:17:39 [notice] 1#1: OS: Linux 5.10.0-9-amd64
2021/11/03 22:17:39 [notice] 1#1: getrlimit(RLIMIT_NOFILE): 1048576:1048576
2021/11/03 22:17:39 [notice] 1#1: start worker processes
2021/11/03 22:17:39 [notice] 1#1: start worker process 31
2021/11/03 22:17:39 [notice] 1#1: start worker process 32
2021/11/03 22:17:39 [notice] 1#1: start worker process 33
2021/11/03 22:17:39 [notice] 1#1: start worker process 34
2021/11/03 22:17:39 [notice] 1#1: start worker process 35
2021/11/03 22:17:39 [notice] 1#1: start worker process 36
2021/11/03 22:17:39 [notice] 1#1: start worker process 37
2021/11/03 22:17:39 [notice] 1#1: start worker process 38
2021/11/03 22:17:39 [notice] 1#1: start worker process 39
2021/11/03 22:17:39 [notice] 1#1: start worker process 40
2021/11/03 22:17:39 [notice] 1#1: start worker process 41
2021/11/03 22:17:39 [notice] 1#1: start worker process 42
